<?xml version="1.0" encoding="UTF-8" ?>
<testsuite errors="0" failures="1" hostname="i57pc13" name="de.uka.ilkd.key.util.removegenerics.ResolveGenericClassTest" tests="1" time="0.106" timestamp="2011-04-05T11:55:06">
  <properties>
[...]
</properties>
  <testcase classname="junit.framework.TestSuite$1" name="warning" time="0.0070">
    <failure message="No tests found in de.uka.ilkd.key.util.removegenerics.ResolveGenericClassTest" type="junit.framework.AssertionFailedError">junit.framework.AssertionFailedError: No tests found in de.uka.ilkd.key.util.removegenerics.ResolveGenericClassTest
</failure>
  </testcase>
  <system-out><![CDATA[]]></system-out>
  <system-err><![CDATA[]]></system-err>
</testsuite>
