# JRE version: 7.0_21-b02
# Java VM: OpenJDK 64-Bit Server VM (23.7-b01 mixed mode linux-amd64 compressed oops)
Heap
 PSYoungGen      total 466048K, used 233088K [0x00000007d5560000, 0x0000000800000000, 0x0000000800000000)
  eden space 233088K, 100% used [0x00000007d5560000,0x00000007e3900000,0x00000007e3900000)
  from space 232960K, 0% used [0x00000007e3900000,0x00000007e3900000,0x00000007f1c80000)
  to   space 232960K, 0% used [0x00000007f1c80000,0x00000007f1c80000,0x0000000800000000)
 ParOldGen       total 1398144K, used 1398143K [0x0000000780000000, 0x00000007d5560000, 0x00000007d5560000)
  object space 1398144K, 99% used [0x0000000780000000,0x00000007d555fd70,0x00000007d5560000)
 PSPermGen       total 38656K, used 38342K [0x0000000775a00000, 0x0000000777fc0000, 0x0000000780000000)
  object space 38656K, 99% used [0x0000000775a00000,0x0000000777f718d8,0x0000000777fc0000)
GC Heap History (10 events):
Event: 970.248 GC heap before
{Heap before GC invocations=187 (full 68):
 PSYoungGen      total 466048K, used 233087K [0x00000007d5560000, 0x0000000800000000, 0x0000000800000000)
  eden space 233088K, 99% used [0x00000007d5560000,0x00000007e38ffff8,0x00000007e3900000)
  from space 232960K, 0% used [0x00000007e3900000,0x00000007e3900000,0x00000007f1c80000)
  to   space 232960K, 0% used [0x00000007f1c80000,0x00000007f1c80000,0x0000000800000000)
 ParOldGen       total 1398144K, used 1398144K [0x0000000780000000, 0x00000007d5560000, 0x00000007d5560000)
  object space 1398144K, 100% used [0x0000000780000000,0x00000007d5560000,0x00000007d5560000)
 PSPermGen       total 38656K, used 38342K [0x0000000775a00000, 0x0000000777fc0000, 0x0000000780000000)
  object space 38656K, 99% used [0x0000000775a00000,0x0000000777f718d8,0x0000000777fc0000)
Event: 971.595 GC heap after
Heap after GC invocations=187 (full 68):
 PSYoungGen      total 466048K, used 233087K [0x00000007d5560000, 0x0000000800000000, 0x0000000800000000)
  eden space 233088K, 99% used [0x00000007d5560000,0x00000007e38ffff8,0x00000007e3900000)
  from space 232960K, 0% used [0x00000007e3900000,0x00000007e3900000,0x00000007f1c80000)
  to   space 232960K, 0% used [0x00000007f1c80000,0x00000007f1c80000,0x0000000800000000)
 ParOldGen       total 1398144K, used 1398144K [0x0000000780000000, 0x00000007d5560000, 0x00000007d5560000)
  object space 1398144K, 100% used [0x0000000780000000,0x00000007d5560000,0x00000007d5560000)
 PSPermGen       total 38656K, used 38342K [0x0000000775a00000, 0x0000000777fc0000, 0x0000000780000000)
  object space 38656K, 99% used [0x0000000775a00000,0x0000000777f718d8,0x0000000777fc0000)
}
Event: 971.595 GC heap before
{Heap before GC invocations=188 (full 69):
 PSYoungGen      total 466048K, used 233087K [0x00000007d5560000, 0x0000000800000000, 0x0000000800000000)
  eden space 233088K, 99% used [0x00000007d5560000,0x00000007e38ffff8,0x00000007e3900000)
  from space 232960K, 0% used [0x00000007e3900000,0x00000007e3900000,0x00000007f1c80000)
  to   space 232960K, 0% used [0x00000007f1c80000,0x00000007f1c80000,0x0000000800000000)
 ParOldGen       total 1398144K, used 1398144K [0x0000000780000000, 0x00000007d5560000, 0x00000007d5560000)
  object space 1398144K, 100% used [0x0000000780000000,0x00000007d5560000,0x00000007d5560000)
 PSPermGen       total 38656K, used 38342K [0x0000000775a00000, 0x0000000777fc0000, 0x0000000780000000)
  object space 38656K, 99% used [0x0000000775a00000,0x0000000777f718d8,0x0000000777fc0000)
Event: 972.911 GC heap after
Heap after GC invocations=188 (full 69):
 PSYoungGen      total 466048K, used 233087K [0x00000007d5560000, 0x0000000800000000, 0x0000000800000000)
  eden space 233088K, 99% used [0x00000007d5560000,0x00000007e38ffff8,0x00000007e3900000)
  from space 232960K, 0% used [0x00000007e3900000,0x00000007e3900000,0x00000007f1c80000)
  to   space 232960K, 0% used [0x00000007f1c80000,0x00000007f1c80000,0x0000000800000000)
 ParOldGen       total 1398144K, used 1398144K [0x0000000780000000, 0x00000007d5560000, 0x00000007d5560000)
  object space 1398144K, 100% used [0x0000000780000000,0x00000007d5560000,0x00000007d5560000)
 PSPermGen       total 38656K, used 38342K [0x0000000775a00000, 0x0000000777fc0000, 0x0000000780000000)
  object space 38656K, 99% used [0x0000000775a00000,0x0000000777f718d8,0x0000000777fc0000)
}
Event: 972.919 GC heap before
{Heap before GC invocations=189 (full 70):
 PSYoungGen      total 466048K, used 233087K [0x00000007d5560000, 0x0000000800000000, 0x0000000800000000)
  eden space 233088K, 99% used [0x00000007d5560000,0x00000007e38ffff8,0x00000007e3900000)
  from space 232960K, 0% used [0x00000007e3900000,0x00000007e3900000,0x00000007f1c80000)
  to   space 232960K, 0% used [0x00000007f1c80000,0x00000007f1c80000,0x0000000800000000)
 ParOldGen       total 1398144K, used 1398144K [0x0000000780000000, 0x00000007d5560000, 0x00000007d5560000)
  object space 1398144K, 100% used [0x0000000780000000,0x00000007d5560000,0x00000007d5560000)
 PSPermGen       total 38656K, used 38342K [0x0000000775a00000, 0x0000000777fc0000, 0x0000000780000000)
  object space 38656K, 99% used [0x0000000775a00000,0x0000000777f718d8,0x0000000777fc0000)
Event: 974.320 GC heap after
Heap after GC invocations=189 (full 70):
 PSYoungGen      total 466048K, used 233087K [0x00000007d5560000, 0x0000000800000000, 0x0000000800000000)
  eden space 233088K, 99% used [0x00000007d5560000,0x00000007e38ffff8,0x00000007e3900000)
  from space 232960K, 0% used [0x00000007e3900000,0x00000007e3900000,0x00000007f1c80000)
  to   space 232960K, 0% used [0x00000007f1c80000,0x00000007f1c80000,0x0000000800000000)
 ParOldGen       total 1398144K, used 1398144K [0x0000000780000000, 0x00000007d5560000, 0x00000007d5560000)
  object space 1398144K, 100% used [0x0000000780000000,0x00000007d5560000,0x00000007d5560000)
 PSPermGen       total 38656K, used 38342K [0x0000000775a00000, 0x0000000777fc0000, 0x0000000780000000)
  object space 38656K, 99% used [0x0000000775a00000,0x0000000777f718d8,0x0000000777fc0000)
}
Event: 974.320 GC heap before
{Heap before GC invocations=190 (full 71):
 PSYoungGen      total 466048K, used 233087K [0x00000007d5560000, 0x0000000800000000, 0x0000000800000000)
  eden space 233088K, 99% used [0x00000007d5560000,0x00000007e38ffff8,0x00000007e3900000)
  from space 232960K, 0% used [0x00000007e3900000,0x00000007e3900000,0x00000007f1c80000)
  to   space 232960K, 0% used [0x00000007f1c80000,0x00000007f1c80000,0x0000000800000000)
 ParOldGen       total 1398144K, used 1398144K [0x0000000780000000, 0x00000007d5560000, 0x00000007d5560000)
  object space 1398144K, 100% used [0x0000000780000000,0x00000007d5560000,0x00000007d5560000)
 PSPermGen       total 38656K, used 38342K [0x0000000775a00000, 0x0000000777fc0000, 0x0000000780000000)
  object space 38656K, 99% used [0x0000000775a00000,0x0000000777f718d8,0x0000000777fc0000)
Event: 976.174 GC heap after
Heap after GC invocations=190 (full 71):
 PSYoungGen      total 466048K, used 233087K [0x00000007d5560000, 0x0000000800000000, 0x0000000800000000)
  eden space 233088K, 99% used [0x00000007d5560000,0x00000007e38ffff8,0x00000007e3900000)
  from space 232960K, 0% used [0x00000007e3900000,0x00000007e3900000,0x00000007f1c80000)
  to   space 232960K, 0% used [0x00000007f1c80000,0x00000007f1c80000,0x0000000800000000)
 ParOldGen       total 1398144K, used 1398144K [0x0000000780000000, 0x00000007d5560000, 0x00000007d5560000)
  object space 1398144K, 100% used [0x0000000780000000,0x00000007d5560000,0x00000007d5560000)
 PSPermGen       total 38656K, used 38342K [0x0000000775a00000, 0x0000000777fc0000, 0x0000000780000000)
  object space 38656K, 99% used [0x0000000775a00000,0x0000000777f718d8,0x0000000777fc0000)
}
Event: 976.182 GC heap before
{Heap before GC invocations=191 (full 72):
 PSYoungGen      total 466048K, used 233087K [0x00000007d5560000, 0x0000000800000000, 0x0000000800000000)
  eden space 233088K, 99% used [0x00000007d5560000,0x00000007e38ffff8,0x00000007e3900000)
  from space 232960K, 0% used [0x00000007e3900000,0x00000007e3900000,0x00000007f1c80000)
  to   space 232960K, 0% used [0x00000007f1c80000,0x00000007f1c80000,0x0000000800000000)
 ParOldGen       total 1398144K, used 1398144K [0x0000000780000000, 0x00000007d5560000, 0x00000007d5560000)
  object space 1398144K, 100% used [0x0000000780000000,0x00000007d5560000,0x00000007d5560000)
 PSPermGen       total 38656K, used 38342K [0x0000000775a00000, 0x0000000777fc0000, 0x0000000780000000)
  object space 38656K, 99% used [0x0000000775a00000,0x0000000777f718d8,0x0000000777fc0000)
Event: 978.731 GC heap after
Heap after GC invocations=191 (full 72):
 PSYoungGen      total 466048K, used 233086K [0x00000007d5560000, 0x0000000800000000, 0x0000000800000000)
  eden space 233088K, 99% used [0x00000007d5560000,0x00000007e38ff8c0,0x00000007e3900000)
  from space 232960K, 0% used [0x00000007e3900000,0x00000007e3900000,0x00000007f1c80000)
  to   space 232960K, 0% used [0x00000007f1c80000,0x00000007f1c80000,0x0000000800000000)
 ParOldGen       total 1398144K, used 1398143K [0x0000000780000000, 0x00000007d5560000, 0x00000007d5560000)
  object space 1398144K, 99% used [0x0000000780000000,0x00000007d555fd70,0x00000007d5560000)
 PSPermGen       total 38656K, used 38342K [0x0000000775a00000, 0x0000000777fc0000, 0x0000000780000000)
  object space 38656K, 99% used [0x0000000775a00000,0x0000000777f718d8,0x0000000777fc0000)
}

