<?xml version="1.0" encoding="UTF-8" ?>
<testsuite errors="1" failures="0" hostname="MaC-TU-DS-XPS" name="de.uka.ilkd.key.util.removegenerics.AllTests" skipped="0" tests="1" time="0.0" timestamp="2015-06-26T14:45:11">
  <properties>
[...]
</properties>
  <error type="java.lang.reflect.InvocationTargetException">java.lang.reflect.InvocationTargetException
Caused by: java.lang.NoClassDefFoundError: recoder/java/ProgramElement
	at java.lang.Class.getDeclaredConstructors0(Native Method)
	at java.lang.Class.privateGetDeclaredConstructors(Class.java:2585)
	at java.lang.Class.getConstructor0(Class.java:2885)
	at java.lang.Class.getConstructor(Class.java:1723)
	at de.uka.ilkd.key.util.removegenerics.AllTests.suite(AllTests.java:24)
Caused by: java.lang.ClassNotFoundException: recoder.java.ProgramElement
	at java.net.URLClassLoader$1.run(URLClassLoader.java:366)
	at java.net.URLClassLoader$1.run(URLClassLoader.java:355)
	at java.security.AccessController.doPrivileged(Native Method)
	at java.net.URLClassLoader.findClass(URLClassLoader.java:354)
	at java.lang.ClassLoader.loadClass(ClassLoader.java:425)
	at sun.misc.Launcher$AppClassLoader.loadClass(Launcher.java:308)
	at java.lang.ClassLoader.loadClass(ClassLoader.java:358)
</error>
  <system-out><![CDATA[]]></system-out>
  <system-err><![CDATA[]]></system-err>
</testsuite>
